::1 - - [28/Jan/2015:13:29:58 +0100] "GET /phpmyadmin/ HTTP/1.1" 200 7992
::1 - - [28/Jan/2015:13:30:00 +0100] "GET /phpmyadmin/phpmyadmin.css.php?server=1&token=c84db1b40dbb0bd900cacd7b8eee5528&nocache=4251026567ltr HTTP/1.1" 200 88608
::1 - - [28/Jan/2015:13:30:00 +0100] "GET /phpmyadmin/js/get_image.js.php?theme=pmahomme HTTP/1.1" 200 6263
::1 - - [28/Jan/2015:13:30:00 +0100] "GET /phpmyadmin/js/messages.php?lang=nl&db=&server=0&token=406b1a69be565432102a1cc61c911b35 HTTP/1.1" 200 18194
::1 - - [28/Jan/2015:13:30:00 +0100] "GET /phpmyadmin/js/get_scripts.js.php?scripts[]=jquery/jquery-1.8.3.js&scripts[]=ajax.js&scripts[]=keyhandler.js&scripts[]=jquery/jquery-ui-1.9.2.custom.js&scripts[]=jquery/jquery.sprintf.js&scripts[]=jquery/jquery.cookie.js&scripts[]=jquery/jquery.mousewheel.js&scripts[]=jquery/jquery.event.drag-2.2.js&scripts[]=jquery/jquery-ui-timepicker-addon.js&scripts[]=jquery/jquery.ba-hashchange-1.3.js&scripts[]=jquery/jquery.debounce-1.0.5.js&scripts[]=jquery/jquery.menuResizer-1.0.js&scripts[]=rte.js&scripts[]=functions.js&scripts[]=navigation.js&scripts[]=indexes.js&scripts[]=common.js&scripts[]=codemirror/lib/codemirror.js&scripts[]=codemirror/mode/mysql/mysql.js HTTP/1.1" 200 578562
::1 - - [28/Jan/2015:13:30:06 +0100] "POST /phpmyadmin/index.php HTTP/1.1" 302 -
::1 - - [28/Jan/2015:13:30:06 +0100] "GET /phpmyadmin/index.php?token=c84db1b40dbb0bd900cacd7b8eee5528 HTTP/1.1" 200 51775
::1 - - [28/Jan/2015:13:30:07 +0100] "GET /phpmyadmin/phpmyadmin.css.php?server=1&token=c84db1b40dbb0bd900cacd7b8eee5528&nocache=5673474773ltr HTTP/1.1" 200 88608
::1 - - [28/Jan/2015:13:30:07 +0100] "GET /phpmyadmin/js/messages.php?lang=nl&db=&server=0&token=c84db1b40dbb0bd900cacd7b8eee5528 HTTP/1.1" 200 18194
::1 - - [28/Jan/2015:13:30:07 +0100] "GET /phpmyadmin/version_check.php?&_nocache=1422448207436792981 HTTP/1.1" 200 39
::1 - - [28/Jan/2015:13:30:10 +0100] "GET /phpmyadmin/navigation.php?ajax_request=1&token=c84db1b40dbb0bd900cacd7b8eee5528&aPath=cm9vdA%3D%3D.cXVpemRi&vPath=cm9vdA%3D%3D.cXVpemRi&pos=0&pos2_name=&pos2_value=&searchClause=&searchClause2=&_nocache=1422448210086304910 HTTP/1.1" 200 2126
::1 - - [28/Jan/2015:13:30:26 +0100] "GET /phpmyadmin/sql.php?server=1&db=quizdb&table=tbl_user&pos=0&token=c84db1b40dbb0bd900cacd7b8eee5528&ajax_request=true&ajax_page_request=true&menuHashes=95e9d46f&_nocache=1422448226226585409 HTTP/1.1" 200 28212
::1 - - [28/Jan/2015:13:30:26 +0100] "GET /phpmyadmin/js/get_scripts.js.php?scripts[]=tbl_change.js&scripts[]=tbl_structure.js&scripts[]=gis_data_editor.js&scripts[]=makegrid.js&scripts[]=sql.js HTTP/1.1" 200 57302
::1 - - [28/Jan/2015:13:30:26 +0100] "GET /phpmyadmin/index.php?ajax_request=1&recent_table=1&token=c84db1b40dbb0bd900cacd7b8eee5528 HTTP/1.1" 200 215
::1 - - [28/Jan/2015:13:30:31 +0100] "GET /phpmyadmin/themes/pmahomme/jquery/images/ui-bg_flat_75_ffffff_40x100.png HTTP/1.1" 200 178
::1 - - [28/Jan/2015:13:30:31 +0100] "GET /phpmyadmin/themes/pmahomme/jquery/images/ui-bg_highlight-soft_75_cccccc_1x100.png HTTP/1.1" 200 101
::1 - - [28/Jan/2015:13:30:31 +0100] "GET /phpmyadmin/themes/pmahomme/jquery/images/ui-bg_glass_75_e6e6e6_1x400.png HTTP/1.1" 200 110
::1 - - [28/Jan/2015:13:30:31 +0100] "GET /phpmyadmin/themes/pmahomme/jquery/images/ui-bg_flat_0_aaaaaa_40x100.png HTTP/1.1" 200 180
::1 - - [28/Jan/2015:13:30:31 +0100] "GET /phpmyadmin/themes/pmahomme/jquery/images/ui-icons_222222_256x240.png HTTP/1.1" 200 4369
::1 - - [28/Jan/2015:13:30:31 +0100] "GET /phpmyadmin/themes/pmahomme/jquery/images/ui-bg_glass_75_dadada_1x400.png HTTP/1.1" 200 159
::1 - - [28/Jan/2015:13:30:33 +0100] "GET /phpmyadmin/themes/pmahomme/jquery/images/ui-bg_glass_65_ffffff_1x400.png HTTP/1.1" 200 105
::1 - - [28/Jan/2015:13:30:33 +0100] "GET /phpmyadmin/sql.php?db=quizdb&table=tbl_user&sql_query=DELETE+FROM+%60quizdb%60.%60tbl_user%60+WHERE+%60tbl_user%60.%60ID%60+%3D+2&message_to_show=De+regel+werd+verwijderd&goto=sql.php%3Fdb%3Dquizdb%26table%3Dtbl_user%26sql_query%3DSELECT%2B%252A%2BFROM%2B%2560tbl_user%2560%26message_to_show%3DDe%2Bregel%2Bwerd%2Bverwijderd%26goto%3Dtbl_sql.php%26token%3Dc84db1b40dbb0bd900cacd7b8eee5528&token=c84db1b40dbb0bd900cacd7b8eee5528&ajax_request=true&is_js_confirmed=true&_nocache=1422448233115286536 HTTP/1.1" 200 2567
::1 - - [28/Jan/2015:13:30:34 +0100] "GET /phpmyadmin/sql.php?db=quizdb&table=tbl_user&sql_query=DELETE+FROM+%60quizdb%60.%60tbl_user%60+WHERE+%60tbl_user%60.%60ID%60+%3D+3&message_to_show=De+regel+werd+verwijderd&goto=sql.php%3Fdb%3Dquizdb%26table%3Dtbl_user%26sql_query%3DSELECT%2B%252A%2BFROM%2B%2560tbl_user%2560%26message_to_show%3DDe%2Bregel%2Bwerd%2Bverwijderd%26goto%3Dtbl_sql.php%26token%3Dc84db1b40dbb0bd900cacd7b8eee5528&token=c84db1b40dbb0bd900cacd7b8eee5528&ajax_request=true&is_js_confirmed=true&_nocache=1422448234909233941 HTTP/1.1" 200 2567
::1 - - [28/Jan/2015:13:41:44 +0100] "GET /phpmyadmin/sql.php?server=1&db=quizdb&table=tbl_vraag&pos=0&token=c84db1b40dbb0bd900cacd7b8eee5528&ajax_request=true&ajax_page_request=true&menuHashes=95e9d46f-3bc65b8f&_nocache=1422448904911881720 HTTP/1.1" 200 113287
::1 - - [28/Jan/2015:13:41:45 +0100] "GET /phpmyadmin/index.php?ajax_request=1&recent_table=1&token=c84db1b40dbb0bd900cacd7b8eee5528 HTTP/1.1" 200 339
::1 - - [28/Jan/2015:13:50:35 +0100] "GET /phpmyadmin/tbl_change.php?db=quizdb&table=tbl_vraag&where_clause=%60tbl_vraag%60.%60id%60+%3D+54&clause_is_unique=1&sql_query=SELECT+%2A+FROM+%60tbl_vraag%60&goto=sql.php&default_action=update&token=c84db1b40dbb0bd900cacd7b8eee5528&ajax_request=true&ajax_page_request=true&menuHashes=95e9d46f-3bc65b8f-93cc4df0&_nocache=1422449435078894405 HTTP/1.1" 200 49355
::1 - - [28/Jan/2015:13:50:35 +0100] "GET /phpmyadmin/index.php?ajax_request=1&recent_table=1&token=c84db1b40dbb0bd900cacd7b8eee5528 HTTP/1.1" 200 339
::1 - - [28/Jan/2015:13:50:48 +0100] "POST /phpmyadmin/tbl_replace.php HTTP/1.1" 200 113623
::1 - - [28/Jan/2015:13:50:48 +0100] "GET /phpmyadmin/index.php?ajax_request=1&recent_table=1&token=c84db1b40dbb0bd900cacd7b8eee5528 HTTP/1.1" 200 339
